<?xml version="1.0" encoding="UTF-8"?>
<coverage generated="1660866307510" clover="3.2.0">
  <project timestamp="1660866307510" name="All files">
    <metrics statements="15" coveredstatements="15" conditionals="16" coveredconditionals="16" methods="3" coveredmethods="3" elements="34" coveredelements="34" complexity="0" loc="15" ncloc="15" packages="1" files="1" classes="1"/>
    <file name="functions.js" path="/home/lucas/courses/Trybe/DevCourseReview/jestCourse/functions.js">
      <metrics statements="15" coveredstatements="15" conditionals="16" coveredconditionals="16" methods="3" coveredmethods="3"/>
      <line num="2" count="3" type="cond" truecount="4" falsecount="0"/>
      <line num="3" count="1" type="stmt"/>
      <line num="6" count="2" type="stmt"/>
      <line num="10" count="3" type="stmt"/>
      <line num="11" count="3" type="stmt"/>
      <line num="12" count="12" type="cond" truecount="2" falsecount="0"/>
      <line num="13" count="10" type="stmt"/>
      <line num="16" count="3" type="stmt"/>
      <line num="20" count="6" type="cond" truecount="2" falsecount="0"/>
      <line num="21" count="5" type="cond" truecount="4" falsecount="0"/>
      <line num="22" count="4" type="cond" truecount="2" falsecount="0"/>
      <line num="23" count="3" type="cond" truecount="2" falsecount="0"/>
      <line num="24" count="2" type="stmt"/>
      <line num="27" count="1" type="stmt"/>
      <line num="29" count="1" type="stmt"/>
    </file>
  </project>
</coverage>
